2026-04-13 10:43:39 - 10 - 04 - TRACE - CLI logging initialized. Console: Debug, File: Trace
2026-04-13 10:43:41 - 10 - 04 - DEBUG - CLI override detected: path = C:\Espressif
2026-04-13 10:43:41 - 10 - 04 - DEBUG - CLI override detected: non_interactive = true
2026-04-13 10:43:41 - 10 - 04 - DEBUG - CLI override detected: target = "esp32, "
2026-04-13 10:43:41 - 10 - 04 - DEBUG - CLI override detected: idf_versions = "v5.5.2, "
2026-04-13 10:43:41 - 10 - 04 - DEBUG - CLI override detected: install_all_prerequisites = true
2026-04-13 10:43:41 - 10 - 04 - DEBUG - CLI override detected: cleanup = true
2026-04-13 10:43:41 - 10 - 04 - DEBUG - CLI override detected: create_bat_activation_script = true
2026-04-13 10:43:41 - 10 - 04 - DEBUG - CLI overrides: {"cleanup", "create_bat_activation_script", "non_interactive", "idf_versions", "install_all_prerequisites", "target", "path"}
2026-04-13 10:43:41 - 10 - 04 - DEBUG - Settings after file load Settings { path: Some("C:\\esp"), idf_path: None, esp_idf_json_path: Some("C:\\Espressif\\tools"), tool_download_folder_name: Some("C:\\Espressif\\dist"), tool_install_folder_name: Some("C:\\Espressif\\tools"), target: Some(["all"]), idf_versions: None, tools_json_file: Some("tools/tools.json"), config_file: None, config_file_save_path: Some("eim_config.toml"), non_interactive: Some(true), wizard_all_questions: Some(false), mirror: Some("https://github.com"), idf_mirror: Some("https://github.com"), pypi_mirror: Some("https://pypi.org/simple"), recurse_submodules: Some(true), install_all_prerequisites: Some(false), idf_features: None, idf_features_per_version: None, idf_tools: None, idf_tools_per_version: None, repo_stub: None, skip_prerequisites_check: Some(false), version_name: None, cleanup: Some(false), python_env_folder_name: Some("python"), use_local_archive: None, activation_script_path_override: Some("C:\\Espressif\\tools"), python_version_override: Some("python313"), create_bat_activation_script: Some(false) }
2026-04-13 10:43:41 - 10 - 04 - DEBUG - Settings after config load - idf_features: None
2026-04-13 10:43:41 - 10 - 04 - DEBUG - Applying CLI override for path: Some("C:\\Espressif")
2026-04-13 10:43:41 - 10 - 04 - DEBUG - Applying CLI override for target: Some(["esp32"])
2026-04-13 10:43:41 - 10 - 04 - DEBUG - Applying CLI override for idf_versions: Some(["v5.5.2"])
2026-04-13 10:43:41 - 10 - 04 - DEBUG - Applying CLI override for non_interactive: Some(true)
2026-04-13 10:43:41 - 10 - 04 - DEBUG - Applying CLI override for install_all_prerequisites: Some(true)
2026-04-13 10:43:41 - 10 - 04 - DEBUG - Applying CLI override for cleanup: Some(true)
2026-04-13 10:43:41 - 10 - 04 - DEBUG - Applying CLI override for create_bat_activation_script: Some(true)
2026-04-13 10:43:41 - 10 - 04 - DEBUG - Final settings: Settings { path: Some("C:\\Espressif"), idf_path: None, esp_idf_json_path: Some("C:\\Espressif\\tools"), tool_download_folder_name: Some("C:\\Espressif\\dist"), tool_install_folder_name: Some("C:\\Espressif\\tools"), target: Some(["esp32"]), idf_versions: Some(["v5.5.2"]), tools_json_file: Some("tools/tools.json"), config_file: None, config_file_save_path: Some("eim_config.toml"), non_interactive: Some(true), wizard_all_questions: Some(false), mirror: Some("https://github.com"), idf_mirror: Some("https://github.com"), pypi_mirror: Some("https://pypi.org/simple"), recurse_submodules: Some(true), install_all_prerequisites: Some(true), idf_features: None, idf_features_per_version: None, idf_tools: None, idf_tools_per_version: None, repo_stub: None, skip_prerequisites_check: Some(false), version_name: None, cleanup: Some(true), python_env_folder_name: Some("python"), use_local_archive: None, activation_script_path_override: Some("C:\\Espressif\\tools"), python_version_override: Some("python313"), create_bat_activation_script: Some(true) }
2026-04-13 10:43:41 - 10 - 04 - DEBUG - Returned settings: Ok(Settings { path: Some("C:\\Espressif"), idf_path: None, esp_idf_json_path: Some("C:\\Espressif\\tools"), tool_download_folder_name: Some("C:\\Espressif\\dist"), tool_install_folder_name: Some("C:\\Espressif\\tools"), target: Some(["esp32"]), idf_versions: Some(["v5.5.2"]), tools_json_file: Some("tools/tools.json"), config_file: None, config_file_save_path: Some("eim_config.toml"), non_interactive: Some(true), wizard_all_questions: Some(false), mirror: Some("https://github.com"), idf_mirror: Some("https://github.com"), pypi_mirror: Some("https://pypi.org/simple"), recurse_submodules: Some(true), install_all_prerequisites: Some(true), idf_features: None, idf_features_per_version: None, idf_tools: None, idf_tools_per_version: None, repo_stub: None, skip_prerequisites_check: Some(false), version_name: None, cleanup: Some(true), python_env_folder_name: Some("python"), use_local_archive: None, activation_script_path_override: Some("C:\\Espressif\\tools"), python_version_override: Some("python313"), create_bat_activation_script: Some(true) })
2026-04-13 10:43:41 - 10 - 04 - DEBUG - Settings before adjustments: Settings { path: Some("C:\\Espressif"), idf_path: None, esp_idf_json_path: Some("C:\\Espressif\\tools"), tool_download_folder_name: Some("C:\\Espressif\\dist"), tool_install_folder_name: Some("C:\\Espressif\\tools"), target: Some(["esp32"]), idf_versions: Some(["v5.5.2"]), tools_json_file: Some("tools/tools.json"), config_file: None, config_file_save_path: Some("eim_config.toml"), non_interactive: Some(true), wizard_all_questions: Some(false), mirror: Some("https://github.com"), idf_mirror: Some("https://github.com"), pypi_mirror: Some("https://pypi.org/simple"), recurse_submodules: Some(true), install_all_prerequisites: Some(true), idf_features: None, idf_features_per_version: None, idf_tools: None, idf_tools_per_version: None, repo_stub: None, skip_prerequisites_check: Some(false), version_name: None, cleanup: Some(true), python_env_folder_name: Some("python"), use_local_archive: None, activation_script_path_override: Some("C:\\Espressif\\tools"), python_version_override: Some("python313"), create_bat_activation_script: Some(true) }
2026-04-13 10:43:41 - 10 - 04 - DEBUG - Settings after adjustments: Settings { path: Some("C:\\Espressif"), idf_path: None, esp_idf_json_path: Some("C:\\Espressif\\tools"), tool_download_folder_name: Some("C:\\Espressif\\dist"), tool_install_folder_name: Some("C:\\Espressif\\tools"), target: Some(["esp32"]), idf_versions: Some(["v5.5.2"]), tools_json_file: Some("tools/tools.json"), config_file: None, config_file_save_path: Some("eim_config.toml"), non_interactive: Some(true), wizard_all_questions: Some(false), mirror: Some("https://github.com"), idf_mirror: Some("https://github.com"), pypi_mirror: Some("https://pypi.org/simple"), recurse_submodules: Some(true), install_all_prerequisites: Some(true), idf_features: None, idf_features_per_version: None, idf_tools: None, idf_tools_per_version: None, repo_stub: None, skip_prerequisites_check: Some(false), version_name: None, cleanup: Some(true), python_env_folder_name: Some("python"), use_local_archive: None, activation_script_path_override: Some("C:\\Espressif\\tools"), python_version_override: Some("python313"), create_bat_activation_script: Some(true) }
2026-04-13 10:43:41 - 10 - 04 - DEBUG - Checking provided path against installed versions. Provided path: 'C:\Espressif'
2026-04-13 10:43:41 - 10 - 04 - DEBUG - Config entering wizard: Settings { path: Some("C:\\Espressif"), idf_path: None, esp_idf_json_path: Some("C:\\Espressif\\tools"), tool_download_folder_name: Some("C:\\Espressif\\dist"), tool_install_folder_name: Some("C:\\Espressif\\tools"), target: Some(["esp32"]), idf_versions: Some(["v5.5.2"]), tools_json_file: Some("tools/tools.json"), config_file: None, config_file_save_path: Some("eim_config.toml"), non_interactive: Some(true), wizard_all_questions: Some(false), mirror: Some("https://github.com"), idf_mirror: Some("https://github.com"), pypi_mirror: Some("https://pypi.org/simple"), recurse_submodules: Some(true), install_all_prerequisites: Some(true), idf_features: None, idf_features_per_version: None, idf_tools: None, idf_tools_per_version: None, repo_stub: None, skip_prerequisites_check: Some(false), version_name: None, cleanup: Some(true), python_env_folder_name: Some("python"), use_local_archive: None, activation_script_path_override: Some("C:\\Espressif\\tools"), python_version_override: Some("python313"), create_bat_activation_script: Some(true) }
2026-04-13 10:43:41 - 10 - 04 - DEBUG - Checking for prerequisites with detailed result...
2026-04-13 10:43:41 - 10 - 04 - DEBUG - will be checking for : ["git"]
2026-04-13 10:43:41 - 10 - 04 - DEBUG - git is already installed: Output { status: ExitStatus(ExitStatus(0)), stdout: "git version 2.45.1.windows.1\n", stderr: "" }
2026-04-13 10:43:41 - 10 - 04 - INFO - All prerequisites are satisfied!
2026-04-13 10:43:41 - 10 - 04 - INFO - Running python sanity check
2026-04-13 10:43:41 - 10 - 04 - INFO - Skipping App Execution Alias: C:\Users\vicen\AppData\Local\Microsoft\WindowsApps\python3.exe
2026-04-13 10:43:42 - 10 - 04 - INFO - Found python on Windows PATH (alias-free): C:\Users\vicen\AppData\Local\Programs\Python\Python311\python.exe
2026-04-13 10:43:57 - 10 - 04 - DEBUG - [PASS] App Execution Alias: No App Execution Alias conflict detected
